<?xml version="1.0" encoding="UTF-8"?>
<testsuite xmlns:xsi="http://www.w3.org/2001/XMLSchema-instance" xsi:noNamespaceSchemaLocation="https://maven.apache.org/surefire/maven-surefire-plugin/xsd/surefire-test-report-3.0.xsd" version="3.0" name="com.alcreasoning.AppTest" time="0.039" tests="1" errors="0" skipped="0" failures="0">
  <properties>
    <property name="sun.desktop" value="windows"/>
    <property name="awt.toolkit" value="sun.awt.windows.WToolkit"/>
    <property name="file.encoding.pkg" value="sun.io"/>
    <property name="java.specification.version" value="1.8"/>
    <property name="sun.cpu.isalist" value="amd64"/>
    <property name="sun.jnu.encoding" value="Cp1252"/>
    <property name="java.class.path" value="h:\Università\Progetto IW\demo\target\test-classes;h:\Università\Progetto IW\demo\target\classes;C:\Users\gpepp\.m2\repository\org\junit\jupiter\junit-jupiter-api\5.6.0\junit-jupiter-api-5.6.0.jar;C:\Users\gpepp\.m2\repository\org\apiguardian\apiguardian-api\1.1.0\apiguardian-api-1.1.0.jar;C:\Users\gpepp\.m2\repository\org\opentest4j\opentest4j\1.2.0\opentest4j-1.2.0.jar;C:\Users\gpepp\.m2\repository\org\junit\platform\junit-platform-commons\1.6.0\junit-platform-commons-1.6.0.jar;C:\Users\gpepp\.m2\repository\org\junit\jupiter\junit-jupiter-engine\5.6.0\junit-jupiter-engine-5.6.0.jar;C:\Users\gpepp\.m2\repository\org\junit\platform\junit-platform-engine\1.6.0\junit-platform-engine-1.6.0.jar;C:\Users\gpepp\.m2\repository\net\sourceforge\owlapi\owlapi-distribution\5.1.18\owlapi-distribution-5.1.18.jar;C:\Users\gpepp\.m2\repository\net\sourceforge\owlapi\owlapi-compatibility\5.1.18\owlapi-compatibility-5.1.18.jar;C:\Users\gpepp\.m2\repository\net\sourceforge\owlapi\owlapi-apibinding\5.1.18\owlapi-apibinding-5.1.18.jar;C:\Users\gpepp\.m2\repository\net\sourceforge\owlapi\owlapi-api\5.1.18\owlapi-api-5.1.18.jar;C:\Users\gpepp\.m2\repository\javax\inject\javax.inject\1\javax.inject-1.jar;C:\Users\gpepp\.m2\repository\net\sourceforge\owlapi\owlapi-impl\5.1.18\owlapi-impl-5.1.18.jar;C:\Users\gpepp\.m2\repository\net\sourceforge\owlapi\owlapi-parsers\5.1.18\owlapi-parsers-5.1.18.jar;C:\Users\gpepp\.m2\repository\net\sourceforge\owlapi\owlapi-oboformat\5.1.18\owlapi-oboformat-5.1.18.jar;C:\Users\gpepp\.m2\repository\net\sourceforge\owlapi\owlapi-tools\5.1.18\owlapi-tools-5.1.18.jar;C:\Users\gpepp\.m2\repository\net\sourceforge\owlapi\owlapi-rio\5.1.18\owlapi-rio-5.1.18.jar;C:\Users\gpepp\.m2\repository\com\fasterxml\jackson\core\jackson-core\2.9.10\jackson-core-2.9.10.jar;C:\Users\gpepp\.m2\repository\com\fasterxml\jackson\core\jackson-databind\2.9.10.7\jackson-databind-2.9.10.7.jar;C:\Users\gpepp\.m2\repository\com\fasterxml\jackson\core\jackson-annotations\2.9.10\jackson-annotations-2.9.10.jar;C:\Users\gpepp\.m2\repository\org\apache\commons\commons-rdf-api\0.5.0\commons-rdf-api-0.5.0.jar;C:\Users\gpepp\.m2\repository\org\tukaani\xz\1.6\xz-1.6.jar;C:\Users\gpepp\.m2\repository\org\slf4j\slf4j-api\1.7.22\slf4j-api-1.7.22.jar;C:\Users\gpepp\.m2\repository\org\slf4j\jcl-over-slf4j\1.7.22\jcl-over-slf4j-1.7.22.jar;C:\Users\gpepp\.m2\repository\org\eclipse\rdf4j\rdf4j-model\3.4.3\rdf4j-model-3.4.3.jar;C:\Users\gpepp\.m2\repository\org\eclipse\rdf4j\rdf4j-rio-api\3.4.3\rdf4j-rio-api-3.4.3.jar;C:\Users\gpepp\.m2\repository\org\eclipse\rdf4j\rdf4j-rio-languages\3.4.3\rdf4j-rio-languages-3.4.3.jar;C:\Users\gpepp\.m2\repository\org\eclipse\rdf4j\rdf4j-rio-datatypes\3.4.3\rdf4j-rio-datatypes-3.4.3.jar;C:\Users\gpepp\.m2\repository\org\eclipse\rdf4j\rdf4j-rio-binary\3.4.3\rdf4j-rio-binary-3.4.3.jar;C:\Users\gpepp\.m2\repository\org\eclipse\rdf4j\rdf4j-rio-n3\3.4.3\rdf4j-rio-n3-3.4.3.jar;C:\Users\gpepp\.m2\repository\org\eclipse\rdf4j\rdf4j-rio-nquads\3.4.3\rdf4j-rio-nquads-3.4.3.jar;C:\Users\gpepp\.m2\repository\org\eclipse\rdf4j\rdf4j-rio-ntriples\3.4.3\rdf4j-rio-ntriples-3.4.3.jar;C:\Users\gpepp\.m2\repository\org\eclipse\rdf4j\rdf4j-rio-rdfjson\3.4.3\rdf4j-rio-rdfjson-3.4.3.jar;C:\Users\gpepp\.m2\repository\org\eclipse\rdf4j\rdf4j-rio-jsonld\3.4.3\rdf4j-rio-jsonld-3.4.3.jar;C:\Users\gpepp\.m2\repository\org\apache\httpcomponents\httpclient\4.5.10\httpclient-4.5.10.jar;C:\Users\gpepp\.m2\repository\org\apache\httpcomponents\httpcore\4.4.12\httpcore-4.4.12.jar;C:\Users\gpepp\.m2\repository\org\apache\httpcomponents\httpclient-cache\4.5.10\httpclient-cache-4.5.10.jar;C:\Users\gpepp\.m2\repository\org\eclipse\rdf4j\rdf4j-rio-rdfxml\3.4.3\rdf4j-rio-rdfxml-3.4.3.jar;C:\Users\gpepp\.m2\repository\org\eclipse\rdf4j\rdf4j-rio-trix\3.4.3\rdf4j-rio-trix-3.4.3.jar;C:\Users\gpepp\.m2\repository\org\eclipse\rdf4j\rdf4j-rio-turtle\3.4.3\rdf4j-rio-turtle-3.4.3.jar;C:\Users\gpepp\.m2\repository\org\eclipse\rdf4j\rdf4j-rio-trig\3.4.3\rdf4j-rio-trig-3.4.3.jar;C:\Users\gpepp\.m2\repository\org\eclipse\rdf4j\rdf4j-rio-hdt\3.4.3\rdf4j-rio-hdt-3.4.3.jar;C:\Users\gpepp\.m2\repository\org\eclipse\rdf4j\rdf4j-util\3.4.3\rdf4j-util-3.4.3.jar;C:\Users\gpepp\.m2\repository\com\github\jsonld-java\jsonld-java\0.13.0\jsonld-java-0.13.0.jar;C:\Users\gpepp\.m2\repository\org\apache\httpcomponents\httpclient-osgi\4.5.10\httpclient-osgi-4.5.10.jar;C:\Users\gpepp\.m2\repository\commons-codec\commons-codec\1.11\commons-codec-1.11.jar;C:\Users\gpepp\.m2\repository\org\apache\httpcomponents\httpmime\4.5.10\httpmime-4.5.10.jar;C:\Users\gpepp\.m2\repository\org\apache\httpcomponents\fluent-hc\4.5.10\fluent-hc-4.5.10.jar;C:\Users\gpepp\.m2\repository\org\apache\httpcomponents\httpcore-osgi\4.4.12\httpcore-osgi-4.4.12.jar;C:\Users\gpepp\.m2\repository\org\apache\httpcomponents\httpcore-nio\4.4.12\httpcore-nio-4.4.12.jar;C:\Users\gpepp\.m2\repository\com\github\vsonnier\hppcrt\0.7.5\hppcrt-0.7.5.jar;C:\Users\gpepp\.m2\repository\com\github\ben-manes\caffeine\caffeine\2.8.1\caffeine-2.8.1.jar;C:\Users\gpepp\.m2\repository\org\checkerframework\checker-qual\3.1.0\checker-qual-3.1.0.jar;C:\Users\gpepp\.m2\repository\com\google\errorprone\error_prone_annotations\2.3.4\error_prone_annotations-2.3.4.jar;C:\Users\gpepp\.m2\repository\com\google\guava\guava\30.0-jre\guava-30.0-jre.jar;C:\Users\gpepp\.m2\repository\com\google\guava\failureaccess\1.0.1\failureaccess-1.0.1.jar;C:\Users\gpepp\.m2\repository\com\google\guava\listenablefuture\9999.0-empty-to-avoid-conflict-with-guava\listenablefuture-9999.0-empty-to-avoid-conflict-with-guava.jar;C:\Users\gpepp\.m2\repository\com\google\j2objc\j2objc-annotations\1.3\j2objc-annotations-1.3.jar;C:\Users\gpepp\.m2\repository\com\google\code\findbugs\jsr305\3.0.2\jsr305-3.0.2.jar;C:\Users\gpepp\.m2\repository\commons-io\commons-io\2.7\commons-io-2.7.jar;"/>
    <property name="java.vm.vendor" value="Oracle Corporation"/>
    <property name="sun.arch.data.model" value="64"/>
    <property name="user.variant" value=""/>
    <property name="java.vendor.url" value="http://java.oracle.com/"/>
    <property name="user.timezone" value="Europe/Berlin"/>
    <property name="java.vm.specification.version" value="1.8"/>
    <property name="os.name" value="Windows 10"/>
    <property name="user.country" value="IT"/>
    <property name="sun.java.launcher" value="SUN_STANDARD"/>
    <property name="sun.boot.library.path" value="C:\Program Files\Java\jdk1.8.0_202\jre\bin"/>
    <property name="sun.java.command" value="C:\Users\gpepp\AppData\Local\Temp\surefire4032330198311551175\surefirebooter1844577537317687192.jar C:\Users\gpepp\AppData\Local\Temp\surefire4032330198311551175 2022-04-02T12-59-54_241-jvmRun1 surefire9099968307579434395tmp surefire_06771132254620639772tmp"/>
    <property name="surefire.test.class.path" value="h:\Università\Progetto IW\demo\target\test-classes;h:\Università\Progetto IW\demo\target\classes;C:\Users\gpepp\.m2\repository\org\junit\jupiter\junit-jupiter-api\5.6.0\junit-jupiter-api-5.6.0.jar;C:\Users\gpepp\.m2\repository\org\apiguardian\apiguardian-api\1.1.0\apiguardian-api-1.1.0.jar;C:\Users\gpepp\.m2\repository\org\opentest4j\opentest4j\1.2.0\opentest4j-1.2.0.jar;C:\Users\gpepp\.m2\repository\org\junit\platform\junit-platform-commons\1.6.0\junit-platform-commons-1.6.0.jar;C:\Users\gpepp\.m2\repository\org\junit\jupiter\junit-jupiter-engine\5.6.0\junit-jupiter-engine-5.6.0.jar;C:\Users\gpepp\.m2\repository\org\junit\platform\junit-platform-engine\1.6.0\junit-platform-engine-1.6.0.jar;C:\Users\gpepp\.m2\repository\net\sourceforge\owlapi\owlapi-distribution\5.1.18\owlapi-distribution-5.1.18.jar;C:\Users\gpepp\.m2\repository\net\sourceforge\owlapi\owlapi-compatibility\5.1.18\owlapi-compatibility-5.1.18.jar;C:\Users\gpepp\.m2\repository\net\sourceforge\owlapi\owlapi-apibinding\5.1.18\owlapi-apibinding-5.1.18.jar;C:\Users\gpepp\.m2\repository\net\sourceforge\owlapi\owlapi-api\5.1.18\owlapi-api-5.1.18.jar;C:\Users\gpepp\.m2\repository\javax\inject\javax.inject\1\javax.inject-1.jar;C:\Users\gpepp\.m2\repository\net\sourceforge\owlapi\owlapi-impl\5.1.18\owlapi-impl-5.1.18.jar;C:\Users\gpepp\.m2\repository\net\sourceforge\owlapi\owlapi-parsers\5.1.18\owlapi-parsers-5.1.18.jar;C:\Users\gpepp\.m2\repository\net\sourceforge\owlapi\owlapi-oboformat\5.1.18\owlapi-oboformat-5.1.18.jar;C:\Users\gpepp\.m2\repository\net\sourceforge\owlapi\owlapi-tools\5.1.18\owlapi-tools-5.1.18.jar;C:\Users\gpepp\.m2\repository\net\sourceforge\owlapi\owlapi-rio\5.1.18\owlapi-rio-5.1.18.jar;C:\Users\gpepp\.m2\repository\com\fasterxml\jackson\core\jackson-core\2.9.10\jackson-core-2.9.10.jar;C:\Users\gpepp\.m2\repository\com\fasterxml\jackson\core\jackson-databind\2.9.10.7\jackson-databind-2.9.10.7.jar;C:\Users\gpepp\.m2\repository\com\fasterxml\jackson\core\jackson-annotations\2.9.10\jackson-annotations-2.9.10.jar;C:\Users\gpepp\.m2\repository\org\apache\commons\commons-rdf-api\0.5.0\commons-rdf-api-0.5.0.jar;C:\Users\gpepp\.m2\repository\org\tukaani\xz\1.6\xz-1.6.jar;C:\Users\gpepp\.m2\repository\org\slf4j\slf4j-api\1.7.22\slf4j-api-1.7.22.jar;C:\Users\gpepp\.m2\repository\org\slf4j\jcl-over-slf4j\1.7.22\jcl-over-slf4j-1.7.22.jar;C:\Users\gpepp\.m2\repository\org\eclipse\rdf4j\rdf4j-model\3.4.3\rdf4j-model-3.4.3.jar;C:\Users\gpepp\.m2\repository\org\eclipse\rdf4j\rdf4j-rio-api\3.4.3\rdf4j-rio-api-3.4.3.jar;C:\Users\gpepp\.m2\repository\org\eclipse\rdf4j\rdf4j-rio-languages\3.4.3\rdf4j-rio-languages-3.4.3.jar;C:\Users\gpepp\.m2\repository\org\eclipse\rdf4j\rdf4j-rio-datatypes\3.4.3\rdf4j-rio-datatypes-3.4.3.jar;C:\Users\gpepp\.m2\repository\org\eclipse\rdf4j\rdf4j-rio-binary\3.4.3\rdf4j-rio-binary-3.4.3.jar;C:\Users\gpepp\.m2\repository\org\eclipse\rdf4j\rdf4j-rio-n3\3.4.3\rdf4j-rio-n3-3.4.3.jar;C:\Users\gpepp\.m2\repository\org\eclipse\rdf4j\rdf4j-rio-nquads\3.4.3\rdf4j-rio-nquads-3.4.3.jar;C:\Users\gpepp\.m2\repository\org\eclipse\rdf4j\rdf4j-rio-ntriples\3.4.3\rdf4j-rio-ntriples-3.4.3.jar;C:\Users\gpepp\.m2\repository\org\eclipse\rdf4j\rdf4j-rio-rdfjson\3.4.3\rdf4j-rio-rdfjson-3.4.3.jar;C:\Users\gpepp\.m2\repository\org\eclipse\rdf4j\rdf4j-rio-jsonld\3.4.3\rdf4j-rio-jsonld-3.4.3.jar;C:\Users\gpepp\.m2\repository\org\apache\httpcomponents\httpclient\4.5.10\httpclient-4.5.10.jar;C:\Users\gpepp\.m2\repository\org\apache\httpcomponents\httpcore\4.4.12\httpcore-4.4.12.jar;C:\Users\gpepp\.m2\repository\org\apache\httpcomponents\httpclient-cache\4.5.10\httpclient-cache-4.5.10.jar;C:\Users\gpepp\.m2\repository\org\eclipse\rdf4j\rdf4j-rio-rdfxml\3.4.3\rdf4j-rio-rdfxml-3.4.3.jar;C:\Users\gpepp\.m2\repository\org\eclipse\rdf4j\rdf4j-rio-trix\3.4.3\rdf4j-rio-trix-3.4.3.jar;C:\Users\gpepp\.m2\repository\org\eclipse\rdf4j\rdf4j-rio-turtle\3.4.3\rdf4j-rio-turtle-3.4.3.jar;C:\Users\gpepp\.m2\repository\org\eclipse\rdf4j\rdf4j-rio-trig\3.4.3\rdf4j-rio-trig-3.4.3.jar;C:\Users\gpepp\.m2\repository\org\eclipse\rdf4j\rdf4j-rio-hdt\3.4.3\rdf4j-rio-hdt-3.4.3.jar;C:\Users\gpepp\.m2\repository\org\eclipse\rdf4j\rdf4j-util\3.4.3\rdf4j-util-3.4.3.jar;C:\Users\gpepp\.m2\repository\com\github\jsonld-java\jsonld-java\0.13.0\jsonld-java-0.13.0.jar;C:\Users\gpepp\.m2\repository\org\apache\httpcomponents\httpclient-osgi\4.5.10\httpclient-osgi-4.5.10.jar;C:\Users\gpepp\.m2\repository\commons-codec\commons-codec\1.11\commons-codec-1.11.jar;C:\Users\gpepp\.m2\repository\org\apache\httpcomponents\httpmime\4.5.10\httpmime-4.5.10.jar;C:\Users\gpepp\.m2\repository\org\apache\httpcomponents\fluent-hc\4.5.10\fluent-hc-4.5.10.jar;C:\Users\gpepp\.m2\repository\org\apache\httpcomponents\httpcore-osgi\4.4.12\httpcore-osgi-4.4.12.jar;C:\Users\gpepp\.m2\repository\org\apache\httpcomponents\httpcore-nio\4.4.12\httpcore-nio-4.4.12.jar;C:\Users\gpepp\.m2\repository\com\github\vsonnier\hppcrt\0.7.5\hppcrt-0.7.5.jar;C:\Users\gpepp\.m2\repository\com\github\ben-manes\caffeine\caffeine\2.8.1\caffeine-2.8.1.jar;C:\Users\gpepp\.m2\repository\org\checkerframework\checker-qual\3.1.0\checker-qual-3.1.0.jar;C:\Users\gpepp\.m2\repository\com\google\errorprone\error_prone_annotations\2.3.4\error_prone_annotations-2.3.4.jar;C:\Users\gpepp\.m2\repository\com\google\guava\guava\30.0-jre\guava-30.0-jre.jar;C:\Users\gpepp\.m2\repository\com\google\guava\failureaccess\1.0.1\failureaccess-1.0.1.jar;C:\Users\gpepp\.m2\repository\com\google\guava\listenablefuture\9999.0-empty-to-avoid-conflict-with-guava\listenablefuture-9999.0-empty-to-avoid-conflict-with-guava.jar;C:\Users\gpepp\.m2\repository\com\google\j2objc\j2objc-annotations\1.3\j2objc-annotations-1.3.jar;C:\Users\gpepp\.m2\repository\com\google\code\findbugs\jsr305\3.0.2\jsr305-3.0.2.jar;C:\Users\gpepp\.m2\repository\commons-io\commons-io\2.7\commons-io-2.7.jar;"/>
    <property name="sun.cpu.endian" value="little"/>
    <property name="user.home" value="C:\Users\gpepp"/>
    <property name="user.language" value="it"/>
    <property name="java.specification.vendor" value="Oracle Corporation"/>
    <property name="java.home" value="C:\Program Files\Java\jdk1.8.0_202\jre"/>
    <property name="basedir" value="h:\Università\Progetto IW\demo"/>
    <property name="file.separator" value="\"/>
    <property name="line.separator" value="&#10;"/>
    <property name="java.vm.specification.vendor" value="Oracle Corporation"/>
    <property name="java.specification.name" value="Java Platform API Specification"/>
    <property name="java.awt.graphicsenv" value="sun.awt.Win32GraphicsEnvironment"/>
    <property name="surefire.real.class.path" value="C:\Users\gpepp\AppData\Local\Temp\surefire4032330198311551175\surefirebooter1844577537317687192.jar;C:\\Users\\gpepp\\.m2\\repository\\org\\jacoco\\org.jacoco.agent\\0.8.4\\org.jacoco.agent-0.8.4-runtime.jar"/>
    <property name="sun.boot.class.path" value="C:\Program Files\Java\jdk1.8.0_202\jre\lib\resources.jar;C:\Program Files\Java\jdk1.8.0_202\jre\lib\rt.jar;C:\Program Files\Java\jdk1.8.0_202\jre\lib\sunrsasign.jar;C:\Program Files\Java\jdk1.8.0_202\jre\lib\jsse.jar;C:\Program Files\Java\jdk1.8.0_202\jre\lib\jce.jar;C:\Program Files\Java\jdk1.8.0_202\jre\lib\charsets.jar;C:\Program Files\Java\jdk1.8.0_202\jre\lib\jfr.jar;C:\Program Files\Java\jdk1.8.0_202\jre\classes"/>
    <property name="user.script" value=""/>
    <property name="sun.management.compiler" value="HotSpot 64-Bit Tiered Compilers"/>
    <property name="java.runtime.version" value="1.8.0_202-b08"/>
    <property name="user.name" value="gpepp"/>
    <property name="path.separator" value=";"/>
    <property name="os.version" value="10.0"/>
    <property name="java.endorsed.dirs" value="C:\Program Files\Java\jdk1.8.0_202\jre\lib\endorsed"/>
    <property name="java.runtime.name" value="Java(TM) SE Runtime Environment"/>
    <property name="file.encoding" value="Cp1252"/>
    <property name="java.vm.name" value="Java HotSpot(TM) 64-Bit Server VM"/>
    <property name="localRepository" value="C:\Users\gpepp\.m2\repository"/>
    <property name="java.vendor.url.bug" value="http://bugreport.sun.com/bugreport/"/>
    <property name="java.io.tmpdir" value="C:\Users\gpepp\AppData\Local\Temp\"/>
    <property name="java.version" value="1.8.0_202"/>
    <property name="user.dir" value="h:\Università\Progetto IW\demo"/>
    <property name="os.arch" value="amd64"/>
    <property name="java.vm.specification.name" value="Java Virtual Machine Specification"/>
    <property name="java.awt.printerjob" value="sun.awt.windows.WPrinterJob"/>
    <property name="sun.os.patch.level" value=""/>
    <property name="java.library.path" value="C:\Program Files\Java\jdk1.8.0_202\jre\bin;C:\Windows\Sun\Java\bin;C:\Windows\system32;C:\Windows;C:\Program Files\Oculus\Support\oculus-runtime;C:\Program Files\NVIDIA GPU Computing Toolkit\CUDA\v11.4\bin;C:\Program Files\NVIDIA GPU Computing Toolkit\CUDA\v11.4\libnvvp;C:\Program Files (x86)\Common Files\Intel\Shared Libraries\redist\intel64_win\compiler;C:\Program Files (x86)\Common Files\Oracle\Java\javapath;G:\app\gpepp\product\18.0.0\dbhomeXE\bin;C:\WINDOWS\system32;C:\WINDOWS;C:\WINDOWS\System32\Wbem;C:\WINDOWS\System32\WindowsPowerShell\v1.0\;C:\WINDOWS\System32\OpenSSH\;C:\mingw64\bin;C:\ProgramData\chocolatey\bin;C:\Program Files\PuTTY\;C:\Program Files\Java\jdk-12.0.1\bin;C:\Program Files\Git\cmd;C:\Program Files\nodejs\;C:\Users\gpepp\AppData\Local\Programs\Python\Python38\Scripts\;C:\Users\gpepp\AppData\Local\Programs\Python\Python38;C;C:\Program Files\Inkscape\bin;C:\Program Files\MATLAB\MATLAB Runtime\v98\runtime\win64;C:\Program Files\MATLAB\R2021a\bin;C:\Program Files (x86)\NVIDIA Corporation\PhysX\Common;C:\Program Files\NVIDIA Corporation\NVIDIA NvDLISR;C:\Program Files\NVIDIA Corporation\Nsight Compute 2021.2.2\;C:\tools\cuda\bin;C:\Program Files\dotnet\;C:\Users\gpepp\AppData\Local\Programs\Python\Python37\Scripts\;C:\Users\gpepp\AppData\Local\Programs\Python\Python37\;C:\Users\gpepp\AppData\Local\Programs\Python\Python38\Scripts\;C:\Users\gpepp\AppData\Local\Programs\Python\Python38\;C:\Users\gpepp\AppData\Local\Programs\Python\Python38-32\Scripts\;C:\Users\gpepp\AppData\Local\Programs\Python\Python38-32\;C:\Users\gpepp\AppData\Local\Microsoft\WindowsApps;C:\Users\gpepp\AppData\Local\Programs\Microsoft VS Code\bin;G:\texlive\2019\bin\win32;C:\Users\gpepp\AppData\Roaming\npm;C:\Maven\apache-maven-3.8.5\bin;;."/>
    <property name="java.vm.info" value="mixed mode"/>
    <property name="java.vendor" value="Oracle Corporation"/>
    <property name="java.vm.version" value="25.202-b08"/>
    <property name="java.ext.dirs" value="C:\Program Files\Java\jdk1.8.0_202\jre\lib\ext;C:\Windows\Sun\Java\lib\ext"/>
    <property name="sun.io.unicode.encoding" value="UnicodeLittle"/>
    <property name="java.class.version" value="52.0"/>
  </properties>
  <testcase name="testApp" classname="com.alcreasoning.AppTest" time="0.027"/>
</testsuite>